Arguments: 
  /Users/erichenderson/.nvm/versions/node/v11.9.0/bin/node /usr/local/Cellar/yarn/1.13.0/libexec/bin/yarn.js add -D @types/lodash

PATH: 
  /Users/erichenderson/.rvm/gems/ruby-2.6.0/bin:/Users/erichenderson/.rvm/gems/ruby-2.6.0@global/bin:/Users/erichenderson/.rvm/rubies/ruby-2.6.0/bin:/Users/erichenderson/.pyenv/plugins/pyenv-virtualenv/shims:/Users/erichenderson/.pyenv/shims:/Users/erichenderson/.pyenv/bin:/Users/erichenderson/.asdf/shims:/Users/erichenderson/.asdf/bin:/Users/erichenderson/.nvm/versions/node/v11.9.0/bin:/usr/local/opt/libxml2/bin:/Users/erichenderson/bin:/Users/erichenderson/.cargo/bin:/Users/erichenderson/.node/bin:/usr/local/bin:/usr/local/sbin:/Users/erichenderson/Documents/Developer/otherscripts/bin:/Users/erichenderson/Documents/Developer/scripts/bin:/Users/erichenderson/.cargo/bin:/usr/bin:/bin:/usr/sbin:/sbin:/usr/local/bin:/Users/erichenderson/Documents/Developer/otherscripts/bin:/Users/erichenderson/Documents/Developer/scripts/bin:/Applications/VMware Fusion.app/Contents/Public:/Library/TeX/texbin:/usr/local/share/dotnet:/opt/X11/bin:/usr/local/git/bin:/Users/erichenderson/.rvm/gems/ruby-2.6.0/bin:/Users/erichenderson/.rvm/gems/ruby-2.6.0@global/bin:/Users/erichenderson/.rvm/rubies/ruby-2.6.0/bin:/Users/erichenderson/.pyenv/plugins/pyenv-virtualenv/shims:/Users/erichenderson/.pyenv/shims:/Users/erichenderson/.pyenv/bin:/Users/erichenderson/.nvm/versions/node/v11.9.0/bin:/usr/local/opt/libxml2/bin:/Users/erichenderson/bin:/Users/erichenderson/.cargo/bin:/Users/erichenderson/.node/bin:/usr/local/sbin:/Users/erichenderson/.rvm/bin:/Users/erichenderson/.rvm/bin

Yarn version: 
  1.13.0

Node version: 
  11.9.0

Platform: 
  darwin x64

Trace: 
  SyntaxError: /Users/erichenderson/IntelliJ Projects/quick-table/package.json: Unexpected token } in JSON at position 497
      at JSON.parse (<anonymous>)
      at /usr/local/Cellar/yarn/1.13.0/libexec/lib/cli.js:1625:59
      at Generator.next (<anonymous>)
      at step (/usr/local/Cellar/yarn/1.13.0/libexec/lib/cli.js:304:30)
      at /usr/local/Cellar/yarn/1.13.0/libexec/lib/cli.js:315:13

npm manifest: 
  {
    "name": "@henderea/quick-table",
    "version": "1.0.0",
    "description": "A simplified clone of DataTables.net",
    "main": "lib/index.js",
    "types": "lib/index.d.ts",
    "repository": "git@github.com:henderea/quick-table.git",
    "author": "Eric Henderson <henderea@gmail.com>",
    "license": "MIT",
    "devDependencies": {
      "@types/lodash": "^4.14.120",
      "typescript": "^3.3.3"
    },
    "peerDependencies": {
      "jquery": "3.x",
      "lodash": "4.x"
    },
    "scripts": {
      "build": "tsc",
    },
    "files": [
      "lib/**/*"
    ]
  }

yarn manifest: 
  No manifest

Lockfile: 
  # THIS IS AN AUTOGENERATED FILE. DO NOT EDIT THIS FILE DIRECTLY.
  # yarn lockfile v1
  
  
  "@types/lodash@^4.14.120":
    version "4.14.120"
    resolved "https://registry.yarnpkg.com/@types/lodash/-/lodash-4.14.120.tgz#cf265d06f6c7a710db087ed07523ab8c1a24047b"
    integrity sha512-jQ21kQ120mo+IrDs1nFNVm/AsdFxIx2+vZ347DbogHJPd/JzKNMOqU6HCYin1W6v8l5R9XSO2/e9cxmn7HAnVw==
  
  typescript@^3.3.3:
    version "3.3.3"
    resolved "https://registry.yarnpkg.com/typescript/-/typescript-3.3.3.tgz#f1657fc7daa27e1a8930758ace9ae8da31403221"
    integrity sha512-Y21Xqe54TBVp+VDSNbuDYdGw0BpoR/Q6wo/+35M8PAU0vipahnyduJWirxxdxjsAkS7hue53x2zp8gz7F05u0A==
